<?xml version="1.0" encoding="UTF-8"?>
<!-- Generated by org.testng.reporters.JUnitReportReporter -->
<testsuite hostname="Asiya" failures="0" tests="3" name="testNGpractice.TestNGR" time="0.025" errors="0" timestamp="2024-06-25T23:36:35 EDT" skipped="0">
  <testcase classname="testNGpractice.TestNGR" name="TestExecution3" time="0.005"/>
  <system-out/>
  <testcase classname="testNGpractice.TestNGR" name="TestExecution1" time="0.016"/>
  <system-out/>
  <testcase classname="testNGpractice.TestNGR" name="TestExecution2" time="0.004"/>
  <system-out/>
</testsuite> <!-- testNGpractice.TestNGR -->
