<?xml version="1.0" encoding="UTF-8"?>
<!-- Generated by org.testng.reporters.JUnitReportReporter -->
<testsuite hostname="Asiya" failures="0" tests="3" name="testNGpractice.TestNGPractice1" time="0.017" errors="0" timestamp="2024-06-25T23:32:48 EDT" skipped="0">
  <testcase classname="testNGpractice.TestNGPractice1" name="TestExecution3" time="0.001"/>
  <system-out/>
  <testcase classname="testNGpractice.TestNGPractice1" name="TestExecution1" time="0.010"/>
  <system-out/>
  <testcase classname="testNGpractice.TestNGPractice1" name="TestExecution2" time="0.006"/>
  <system-out/>
</testsuite> <!-- testNGpractice.TestNGPractice1 -->
