<?xml version="1.0" encoding="UTF-8"?>
<!-- Generated by org.testng.reporters.JUnitReportReporter -->
<testsuite hostname="Asiya" failures="0" tests="3" name="testNGProject.TestNGR" time="0.025" errors="0" timestamp="2024-06-25T23:40:53 EDT" skipped="0">
  <testcase classname="testNGProject.TestNGR" name="TestExecution3" time="0.005"/>
  <system-out/>
  <testcase classname="testNGProject.TestNGR" name="TestExecution1" time="0.014"/>
  <system-out/>
  <testcase classname="testNGProject.TestNGR" name="TestExecution2" time="0.006"/>
  <system-out/>
</testsuite> <!-- testNGProject.TestNGR -->
